2023-06-23T02:33:35.276Z  +1095ms [debug] Config loaded {"version":"2.16.1","cdkVersion":"2.84.0","constructsVersion":"10.1.156","config":{"name":"notes","region":"us-east-1","stage":"biruk","ssmPrefix":"/sst/notes/biruk/"},"metafile":{"inputs":{"sst.config.ts":{"bytes":218,"imports":[{"path":"sst","kind":"import-statement","external":true},{"path":"./stacks/StorageStack","kind":"import-statement","external":true}]}},"outputs":{".sst.config.1687487615078.mjs":{"imports":[],"exports":["default"],"entryPoint":"sst.config.ts","inputs":{"sst.config.ts":{"bytesInOutput":120}},"bytes":302}}},"paths":{"config":"/home/biruk/code/notes/sst.config.ts","root":"/home/biruk/code/notes","out":"/home/biruk/code/notes/.sst","artifacts":"/home/biruk/code/notes/.sst/artifacts"}}
2023-06-23T02:33:40.288Z  +5012ms [debug] Fetching app metadata
2023-06-23T02:33:40.288Z     +0ms [debug] Using AWS profile 
2023-06-23T02:33:40.291Z     +3ms [debug] Initializing bootstrap context
2023-06-23T02:33:40.347Z    +56ms [debug] Created AWS client CloudFormationClient
2023-06-23T02:33:40.680Z   +333ms [debug] Loaded bootstrap status
2023-06-23T02:33:40.680Z     +0ms [debug] Bootstrap context initialized {"version":"7","bucket":"sstbootstrap-useast124d14e4b-qr43zsnjbhoq"}
2023-06-23T02:33:40.998Z   +318ms [debug] Created AWS client IoTClient
2023-06-23T02:33:40.998Z     +0ms [debug] Getting IoT endpoint
2023-06-23T02:33:41.025Z    +27ms [debug] [kysely-codegen] Loaded kyseley type generator
2023-06-23T02:33:41.027Z     +2ms [debug] Created AWS client RDSDataClient
2023-06-23T02:33:41.062Z    +35ms [debug] Fetching all metadata
2023-06-23T02:33:41.257Z   +195ms [debug] Synthesizing stacks...
2023-06-23T02:33:41.327Z    +70ms [debug] Created AWS client STSClient
2023-06-23T02:33:41.340Z    +13ms [debug] Using IoT endpoint: a1aci0l2zl6nyu-ats.iot.us-east-1.amazonaws.com
2023-06-23T02:33:41.341Z     +1ms [debug] Created AWS client S3Client
2023-06-23T02:33:41.431Z    +90ms [debug] Publishing event {"type":"cli.dev","properties":{"stage":"biruk","app":"notes"},"sourceID":"4e736f54f1e3a0eed14a463d814ae1a0"}
2023-06-23T02:33:41.432Z     +1ms [debug] Encoded iot message into 1 parts
2023-06-23T02:33:41.524Z    +92ms [debug] Fetched metadata from 1 stacks
2023-06-23T02:33:41.659Z   +135ms [debug] Using identity Account: 368794553105 User: AIDAVLXO6JMIQC7UI76I6
2023-06-23T02:33:42.256Z   +597ms [debug] Running 0 deferred tasks with concurrency: 3
2023-06-23T02:33:42.262Z     +6ms [debug] Generating types in /home/biruk/code/notes/.sst/types
2023-06-23T02:33:42.420Z   +158ms [debug] 
2023-06-23T02:33:42.420Z     +0ms [debug] Loading v2 AWS SDK
2023-06-23T02:33:42.420Z     +0ms [debug] Finished synthesizing
2023-06-23T02:33:42.420Z     +0ms [debug] Directory /home/biruk/code/notes/.sst/dist
2023-06-23T02:33:42.430Z    +10ms [debug] IoT connected
2023-06-23T02:33:42.432Z     +2ms [debug] Checksum next cf286ea970cd8b3b98a8016e0a5defe09a5093c7d789630a63c842518bba249c old 
2023-06-23T02:33:42.486Z    +54ms [debug] Deploying stacks ["biruk-notes-StorageStack"]
2023-06-23T02:33:42.495Z     +9ms [debug] Checking if biruk-notes-StorageStack is ready to deploy
2023-06-23T02:33:42.495Z     +0ms [debug] Deploying stack biruk-notes-StorageStack
2023-06-23T02:33:43.479Z   +984ms [debug] IOT Published /sst/notes/biruk/events cli.dev
2023-06-23T02:33:44.629Z  +1150ms [debug] Publishing event {"type":"stack.status","properties":{"stackID":"biruk-notes-StorageStack","status":"SKIPPED"},"sourceID":"4e736f54f1e3a0eed14a463d814ae1a0"}
2023-06-23T02:33:44.637Z     +8ms [debug] Saving app metadata
